c:\users\user\documents\projects\basic_raytracer\raytracer\raytracer\debug\vc120.pdb
c:\users\user\documents\projects\basic_raytracer\raytracer\raytracer\debug\vc120.idb
c:\users\user\documents\projects\basic_raytracer\raytracer\raytracer\debug\abstractcamera.obj
c:\users\user\documents\projects\basic_raytracer\raytracer\raytracer\debug\abstractprimitive.obj
c:\users\user\documents\projects\basic_raytracer\raytracer\raytracer\debug\distlist.obj
c:\users\user\documents\projects\basic_raytracer\raytracer\raytracer\debug\intersection.obj
c:\users\user\documents\projects\basic_raytracer\raytracer\raytracer\debug\lambertshader.obj
c:\users\user\documents\projects\basic_raytracer\raytracer\raytracer\debug\main.obj
c:\users\user\documents\projects\basic_raytracer\raytracer\raytracer\debug\mathhelper.obj
c:\users\user\documents\projects\basic_raytracer\raytracer\raytracer\debug\mathprint.obj
c:\users\user\documents\projects\basic_raytracer\raytracer\raytracer\debug\pinholecamera.obj
c:\users\user\documents\projects\basic_raytracer\raytracer\raytracer\debug\point.obj
c:\users\user\documents\projects\basic_raytracer\raytracer\raytracer\debug\polynomialsolver.obj
c:\users\user\documents\projects\basic_raytracer\raytracer\raytracer\debug\ray.obj
c:\users\user\documents\projects\basic_raytracer\raytracer\raytracer\debug\raytracer.obj
c:\users\user\documents\projects\basic_raytracer\raytracer\raytracer\debug\scene.obj
c:\users\user\documents\projects\basic_raytracer\raytracer\raytracer\debug\shader.obj
c:\users\user\documents\projects\basic_raytracer\raytracer\raytracer\debug\sphereprimitive.obj
c:\users\user\documents\projects\basic_raytracer\raytracer\raytracer\debug\transform.obj
c:\users\user\documents\projects\basic_raytracer\raytracer\debug\raytracer.pdb
c:\users\user\documents\projects\basic_raytracer\raytracer\raytracer\debug\raytracer.tlog\cl.command.1.tlog
c:\users\user\documents\projects\basic_raytracer\raytracer\raytracer\debug\raytracer.tlog\cl.read.1.tlog
c:\users\user\documents\projects\basic_raytracer\raytracer\raytracer\debug\raytracer.tlog\cl.write.1.tlog
c:\users\user\documents\projects\basic_raytracer\raytracer\raytracer\debug\raytracer.tlog\link-cvtres.read.1.tlog
c:\users\user\documents\projects\basic_raytracer\raytracer\raytracer\debug\raytracer.tlog\link-cvtres.write.1.tlog
c:\users\user\documents\projects\basic_raytracer\raytracer\raytracer\debug\raytracer.tlog\link-rc.read.1.tlog
c:\users\user\documents\projects\basic_raytracer\raytracer\raytracer\debug\raytracer.tlog\link-rc.write.1.tlog
c:\users\user\documents\projects\basic_raytracer\raytracer\raytracer\debug\raytracer.tlog\link.command.1.tlog
c:\users\user\documents\projects\basic_raytracer\raytracer\raytracer\debug\raytracer.tlog\link.read.1.tlog
c:\users\user\documents\projects\basic_raytracer\raytracer\raytracer\debug\raytracer.tlog\link.write.1.tlog
