c:\users\user\documents\projects\basic_raytracer\raytracer\raytracer\release\vc120.pdb
c:\users\user\documents\projects\basic_raytracer\raytracer\raytracer\release\transform.obj
c:\users\user\documents\projects\basic_raytracer\raytracer\raytracer\release\sphereprimitive.obj
c:\users\user\documents\projects\basic_raytracer\raytracer\raytracer\release\shader.obj
c:\users\user\documents\projects\basic_raytracer\raytracer\raytracer\release\scene.obj
c:\users\user\documents\projects\basic_raytracer\raytracer\raytracer\release\raytracer.obj
c:\users\user\documents\projects\basic_raytracer\raytracer\raytracer\release\ray.obj
c:\users\user\documents\projects\basic_raytracer\raytracer\raytracer\release\polynomialsolver.obj
c:\users\user\documents\projects\basic_raytracer\raytracer\raytracer\release\point.obj
c:\users\user\documents\projects\basic_raytracer\raytracer\raytracer\release\pinholecamera.obj
c:\users\user\documents\projects\basic_raytracer\raytracer\raytracer\release\mathprint.obj
c:\users\user\documents\projects\basic_raytracer\raytracer\raytracer\release\mathhelper.obj
c:\users\user\documents\projects\basic_raytracer\raytracer\raytracer\release\main.obj
c:\users\user\documents\projects\basic_raytracer\raytracer\raytracer\release\lambertshader.obj
c:\users\user\documents\projects\basic_raytracer\raytracer\raytracer\release\intersection.obj
c:\users\user\documents\projects\basic_raytracer\raytracer\raytracer\release\distlist.obj
c:\users\user\documents\projects\basic_raytracer\raytracer\raytracer\release\abstractprimitive.obj
c:\users\user\documents\projects\basic_raytracer\raytracer\raytracer\release\abstractcamera.obj
c:\users\user\documents\projects\basic_raytracer\raytracer\release\raytracer.exe
c:\users\user\documents\projects\basic_raytracer\raytracer\release\raytracer.pdb
c:\users\user\documents\projects\basic_raytracer\raytracer\raytracer\release\raytracer.tlog\cl.command.1.tlog
c:\users\user\documents\projects\basic_raytracer\raytracer\raytracer\release\raytracer.tlog\cl.read.1.tlog
c:\users\user\documents\projects\basic_raytracer\raytracer\raytracer\release\raytracer.tlog\cl.write.1.tlog
c:\users\user\documents\projects\basic_raytracer\raytracer\raytracer\release\raytracer.tlog\link.command.1.tlog
c:\users\user\documents\projects\basic_raytracer\raytracer\raytracer\release\raytracer.tlog\link.read.1.tlog
c:\users\user\documents\projects\basic_raytracer\raytracer\raytracer\release\raytracer.tlog\link.write.1.tlog
