Build started 12/08/2016 22:47:04.
     1>Project "C:\Users\User\Documents\Projects\Basic_RayTracer\RayTracer\RayTracer\RayTracer.vcxproj" on node 2 (Build target(s)).
     1>ClCompile:
         C:\Program Files (x86)\Microsoft Visual Studio 12.0\VC\bin\CL.exe /c /IC:\Dev\FreeImage\Dist\x32\ /IC:\Dev\glm\ /IC:\Users\User\Documents\Projects\Basic_RayTracer\RayTracer\RayTracer\include /Zi /nologo /W3 /WX- /sdl /O2 /Oi /Oy- /GL /D _MBCS /Gm- /EHsc /MD /GS /Gy /fp:precise /Zc:wchar_t /Zc:forScope /Fo"Release\\" /Fd"Release\vc120.pdb" /Gd /TP /analyze- /errorReport:prompt src\SpherePrimitive.cpp
         SpherePrimitive.cpp
     1>C:\Users\User\Documents\Projects\Basic_RayTracer\RayTracer\RayTracer\include\MathPrint.h(16): warning C4091: 'static ' : ignored on left of 'MathPrint' when no variable is declared
       Link:
         C:\Program Files (x86)\Microsoft Visual Studio 12.0\VC\bin\link.exe /ERRORREPORT:PROMPT /OUT:"C:\Users\User\Documents\Projects\Basic_RayTracer\RayTracer\Release\RayTracer.exe" /NOLOGO /LIBPATH:C:\Dev\FreeImage\Dist\x32\ FreeImage.lib kernel32.lib user32.lib gdi32.lib winspool.lib comdlg32.lib advapi32.lib shell32.lib ole32.lib oleaut32.lib uuid.lib odbc32.lib odbccp32.lib /MANIFEST /MANIFESTUAC:"level='asInvoker' uiAccess='false'" /manifest:embed /DEBUG /PDB:"C:\Users\User\Documents\Projects\Basic_RayTracer\RayTracer\Release\RayTracer.pdb" /OPT:REF /OPT:ICF /LTCG /TLBID:1 /DYNAMICBASE /NXCOMPAT /IMPLIB:"C:\Users\User\Documents\Projects\Basic_RayTracer\RayTracer\Release\RayTracer.lib" /MACHINE:X86 /SAFESEH Release\AbstractCamera.obj
         Release\AbstractPrimitive.obj
         Release\DistList.obj
         Release\Intersection.obj
         Release\LambertShader.obj
         Release\Main.obj
         Release\MathHelper.obj
         Release\MathPrint.obj
         Release\PinholeCamera.obj
         Release\point.obj
         Release\PolynomialSolver.obj
         Release\Ray.obj
         Release\RayTracer.obj
         Release\Scene.obj
         Release\Shader.obj
         Release\SpherePrimitive.obj
         Release\Transform.obj
         Generating code
         Finished generating code
         RayTracer.vcxproj -> C:\Users\User\Documents\Projects\Basic_RayTracer\RayTracer\Release\RayTracer.exe
     1>Done Building Project "C:\Users\User\Documents\Projects\Basic_RayTracer\RayTracer\RayTracer\RayTracer.vcxproj" (Build target(s)).

Build succeeded.

Time Elapsed 00:00:00.89
